# JRE version: OpenJDK Runtime Environment (17.0.11) (build 17.0.11+0--11852314)
# Java VM: OpenJDK 64-Bit Server VM (17.0.11+0--11852314, mixed mode, tiered, compressed oops, compressed class ptrs, g1 gc, windows-amd64)
GC Precious Log:
 CPUs: 8 total, 8 available
 Memory: 32605M
 Large Page Support: Disabled
 NUMA Support: Disabled
 Compressed Oops: Enabled (Zero based)
 Heap Region Size: 2M
 Heap Min Capacity: 8M
 Heap Initial Capacity: 510M
 Heap Max Capacity: 4G
 Pre-touch: Disabled
 Parallel Workers: 8
 Concurrent Workers: 2
 Concurrent Refinement Workers: 8
 Periodic GC: Disabled
Heap:
 garbage-first heap   total 573440K, used 438856K [0x0000000700000000, 0x0000000800000000)
  region size 2048K, 66 young (135168K), 4 survivors (8192K)
 Metaspace       used 143967K, committed 145792K, reserved 1179648K
  class space    used 19235K, committed 20032K, reserved 1048576K
GC Heap History (20 events):
Event: 96.422 GC heap before
{Heap before GC invocations=107 (full 0):
 garbage-first heap   total 364544K, used 324748K [0x0000000700000000, 0x0000000800000000)
  region size 2048K, 8 young (16384K), 1 survivors (2048K)
 Metaspace       used 135020K, committed 136576K, reserved 1179648K
  class space    used 18294K, committed 18944K, reserved 1048576K
}
Event: 96.427 GC heap after
{Heap after GC invocations=108 (full 0):
 garbage-first heap   total 438272K, used 313213K [0x0000000700000000, 0x0000000800000000)
  region size 2048K, 1 young (2048K), 1 survivors (2048K)
 Metaspace       used 135020K, committed 136576K, reserved 1179648K
  class space    used 18294K, committed 18944K, reserved 1048576K
}
Event: 97.482 GC heap before
{Heap before GC invocations=108 (full 0):
 garbage-first heap   total 438272K, used 372605K [0x0000000700000000, 0x0000000800000000)
  region size 2048K, 31 young (63488K), 1 survivors (2048K)
 Metaspace       used 135248K, committed 136768K, reserved 1179648K
  class space    used 18315K, committed 18944K, reserved 1048576K
}
Event: 97.490 GC heap after
{Heap after GC invocations=109 (full 0):
 garbage-first heap   total 438272K, used 318332K [0x0000000700000000, 0x0000000800000000)
  region size 2048K, 3 young (6144K), 3 survivors (6144K)
 Metaspace       used 135248K, committed 136768K, reserved 1179648K
  class space    used 18315K, committed 18944K, reserved 1048576K
}
Event: 98.823 GC heap before
{Heap before GC invocations=109 (full 0):
 garbage-first heap   total 438272K, used 377724K [0x0000000700000000, 0x0000000800000000)
  region size 2048K, 32 young (65536K), 3 survivors (6144K)
 Metaspace       used 135426K, committed 136960K, reserved 1179648K
  class space    used 18326K, committed 18944K, reserved 1048576K
}
Event: 98.836 GC heap after
{Heap after GC invocations=110 (full 0):
 garbage-first heap   total 438272K, used 322949K [0x0000000700000000, 0x0000000800000000)
  region size 2048K, 4 young (8192K), 4 survivors (8192K)
 Metaspace       used 135426K, committed 136960K, reserved 1179648K
  class space    used 18326K, committed 18944K, reserved 1048576K
}
Event: 99.937 GC heap before
{Heap before GC invocations=110 (full 0):
 garbage-first heap   total 438272K, used 374149K [0x0000000700000000, 0x0000000800000000)
  region size 2048K, 30 young (61440K), 4 survivors (8192K)
 Metaspace       used 135580K, committed 137152K, reserved 1179648K
  class space    used 18329K, committed 18944K, reserved 1048576K
}
Event: 99.946 GC heap after
{Heap after GC invocations=111 (full 0):
 garbage-first heap   total 438272K, used 326748K [0x0000000700000000, 0x0000000800000000)
  region size 2048K, 3 young (6144K), 3 survivors (6144K)
 Metaspace       used 135580K, committed 137152K, reserved 1179648K
  class space    used 18329K, committed 18944K, reserved 1048576K
}
Event: 100.338 GC heap before
{Heap before GC invocations=111 (full 0):
 garbage-first heap   total 438272K, used 375900K [0x0000000700000000, 0x0000000800000000)
  region size 2048K, 28 young (57344K), 3 survivors (6144K)
 Metaspace       used 135583K, committed 137152K, reserved 1179648K
  class space    used 18329K, committed 18944K, reserved 1048576K
}
Event: 100.344 GC heap after
{Heap after GC invocations=112 (full 0):
 garbage-first heap   total 438272K, used 328600K [0x0000000700000000, 0x0000000800000000)
  region size 2048K, 2 young (4096K), 2 survivors (4096K)
 Metaspace       used 135583K, committed 137152K, reserved 1179648K
  class space    used 18329K, committed 18944K, reserved 1048576K
}
Event: 100.962 GC heap before
{Heap before GC invocations=112 (full 0):
 garbage-first heap   total 438272K, used 377752K [0x0000000700000000, 0x0000000800000000)
  region size 2048K, 27 young (55296K), 2 survivors (4096K)
 Metaspace       used 135679K, committed 137216K, reserved 1179648K
  class space    used 18334K, committed 18944K, reserved 1048576K
}
Event: 100.967 GC heap after
{Heap after GC invocations=113 (full 0):
 garbage-first heap   total 438272K, used 329598K [0x0000000700000000, 0x0000000800000000)
  region size 2048K, 3 young (6144K), 3 survivors (6144K)
 Metaspace       used 135679K, committed 137216K, reserved 1179648K
  class space    used 18334K, committed 18944K, reserved 1048576K
}
Event: 101.812 GC heap before
{Heap before GC invocations=113 (full 0):
 garbage-first heap   total 438272K, used 364414K [0x0000000700000000, 0x0000000800000000)
  region size 2048K, 22 young (45056K), 3 survivors (6144K)
 Metaspace       used 137462K, committed 139136K, reserved 1179648K
  class space    used 18534K, committed 19264K, reserved 1048576K
}
Event: 101.818 GC heap after
{Heap after GC invocations=114 (full 0):
 garbage-first heap   total 438272K, used 330844K [0x0000000700000000, 0x0000000800000000)
  region size 2048K, 3 young (6144K), 3 survivors (6144K)
 Metaspace       used 137462K, committed 139136K, reserved 1179648K
  class space    used 18534K, committed 19264K, reserved 1048576K
}
Event: 103.251 GC heap before
{Heap before GC invocations=115 (full 0):
 garbage-first heap   total 567296K, used 365660K [0x0000000700000000, 0x0000000800000000)
  region size 2048K, 21 young (43008K), 3 survivors (6144K)
 Metaspace       used 138029K, committed 139712K, reserved 1179648K
  class space    used 18619K, committed 19328K, reserved 1048576K
}
Event: 103.261 GC heap after
{Heap after GC invocations=116 (full 0):
 garbage-first heap   total 567296K, used 332234K [0x0000000700000000, 0x0000000800000000)
  region size 2048K, 3 young (6144K), 3 survivors (6144K)
 Metaspace       used 138029K, committed 139712K, reserved 1179648K
  class space    used 18619K, committed 19328K, reserved 1048576K
}
Event: 104.758 GC heap before
{Heap before GC invocations=116 (full 0):
 garbage-first heap   total 567296K, used 350666K [0x0000000700000000, 0x0000000800000000)
  region size 2048K, 13 young (26624K), 3 survivors (6144K)
 Metaspace       used 138174K, committed 139904K, reserved 1179648K
  class space    used 18652K, committed 19392K, reserved 1048576K
}
Event: 104.799 GC heap after
{Heap after GC invocations=117 (full 0):
 garbage-first heap   total 567296K, used 308009K [0x0000000700000000, 0x0000000800000000)
  region size 2048K, 2 young (4096K), 2 survivors (4096K)
 Metaspace       used 138174K, committed 139904K, reserved 1179648K
  class space    used 18652K, committed 19392K, reserved 1048576K
}
Event: 2088.022 GC heap before
{Heap before GC invocations=117 (full 0):
 garbage-first heap   total 567296K, used 480041K [0x0000000700000000, 0x0000000800000000)
  region size 2048K, 87 young (178176K), 2 survivors (4096K)
 Metaspace       used 143698K, committed 145472K, reserved 1179648K
  class space    used 19209K, committed 19968K, reserved 1048576K
}
Event: 2088.034 GC heap after
{Heap after GC invocations=118 (full 0):
 garbage-first heap   total 567296K, used 313928K [0x0000000700000000, 0x0000000800000000)
  region size 2048K, 4 young (8192K), 4 survivors (8192K)
 Metaspace       used 143698K, committed 145472K, reserved 1179648K
  class space    used 19209K, committed 19968K, reserved 1048576K
}

